[0.930s] DEBUG:colcon:Command line arguments: ['/usr/bin/colcon', 'build', '--symlink-install']
[0.930s] DEBUG:colcon:Parsed command line arguments: Namespace(log_base=None, log_level=None, verb_name='build', build_base='build', install_base='install', merge_install=False, symlink_install=True, test_result_base=None, continue_on_error=False, executor='parallel', parallel_workers=4, event_handlers=None, ignore_user_meta=False, metas=['./colcon.meta'], base_paths=['.'], packages_ignore=None, packages_ignore_regex=None, paths=None, packages_up_to=None, packages_up_to_regex=None, packages_above=None, packages_above_and_dependencies=None, packages_above_depth=None, packages_select_by_dep=None, packages_skip_by_dep=None, packages_skip_up_to=None, packages_select_build_failed=False, packages_skip_build_finished=False, packages_select_test_failures=False, packages_skip_test_passed=False, packages_select=None, packages_skip=None, packages_select_regex=None, packages_skip_regex=None, packages_start=None, packages_end=None, allow_overriding=[], cmake_args=None, cmake_target=None, cmake_target_skip_unavailable=False, cmake_clean_cache=False, cmake_clean_first=False, cmake_force_configure=False, ament_cmake_args=None, catkin_cmake_args=None, catkin_skip_building_tests=False, verb_parser=<colcon_defaults.argument_parser.defaults.DefaultArgumentsDecorator object at 0x7f033a4baa70>, verb_extension=<colcon_core.verb.build.BuildVerb object at 0x7f033ae0a410>, main=<bound method BuildVerb.main of <colcon_core.verb.build.BuildVerb object at 0x7f033ae0a410>>)
[1.013s] Level 1:colcon.colcon_core.package_discovery:discover_packages(colcon_meta) check parameters
[1.013s] Level 1:colcon.colcon_core.package_discovery:discover_packages(recursive) check parameters
[1.013s] Level 1:colcon.colcon_core.package_discovery:discover_packages(ignore) check parameters
[1.013s] Level 1:colcon.colcon_core.package_discovery:discover_packages(path) check parameters
[1.013s] Level 1:colcon.colcon_core.package_discovery:discover_packages(colcon_meta) discover
[1.013s] Level 1:colcon.colcon_core.package_discovery:discover_packages(recursive) discover
[1.013s] INFO:colcon.colcon_core.package_discovery:Crawling recursively for packages in '/home/parallels/ros2_tas_project'
[1.013s] Level 1:colcon.colcon_core.package_identification:_identify(.) by extensions ['ignore', 'ignore_ament_install']
[1.013s] Level 1:colcon.colcon_core.package_identification:_identify(.) by extension 'ignore'
[1.013s] Level 1:colcon.colcon_core.package_identification:_identify(.) by extension 'ignore_ament_install'
[1.013s] Level 1:colcon.colcon_core.package_identification:_identify(.) by extensions ['colcon_pkg']
[1.013s] Level 1:colcon.colcon_core.package_identification:_identify(.) by extension 'colcon_pkg'
[1.013s] Level 1:colcon.colcon_core.package_identification:_identify(.) by extensions ['colcon_meta']
[1.013s] Level 1:colcon.colcon_core.package_identification:_identify(.) by extension 'colcon_meta'
[1.014s] Level 1:colcon.colcon_core.package_identification:_identify(.) by extensions ['ros']
[1.014s] Level 1:colcon.colcon_core.package_identification:_identify(.) by extension 'ros'
[1.041s] Level 1:colcon.colcon_core.package_identification:_identify(.) by extensions ['cmake', 'python']
[1.041s] Level 1:colcon.colcon_core.package_identification:_identify(.) by extension 'cmake'
[1.041s] Level 1:colcon.colcon_core.package_identification:_identify(.) by extension 'python'
[1.041s] Level 1:colcon.colcon_core.package_identification:_identify(.) by extensions ['python_setup_py']
[1.041s] Level 1:colcon.colcon_core.package_identification:_identify(.) by extension 'python_setup_py'
[1.041s] Level 1:colcon.colcon_core.package_identification:_identify(build) by extensions ['ignore', 'ignore_ament_install']
[1.041s] Level 1:colcon.colcon_core.package_identification:_identify(build) by extension 'ignore'
[1.041s] Level 1:colcon.colcon_core.package_identification:_identify(build) ignored
[1.041s] Level 1:colcon.colcon_core.package_identification:_identify(install) by extensions ['ignore', 'ignore_ament_install']
[1.041s] Level 1:colcon.colcon_core.package_identification:_identify(install) by extension 'ignore'
[1.041s] Level 1:colcon.colcon_core.package_identification:_identify(install) ignored
[1.041s] Level 1:colcon.colcon_core.package_identification:_identify(log) by extensions ['ignore', 'ignore_ament_install']
[1.041s] Level 1:colcon.colcon_core.package_identification:_identify(log) by extension 'ignore'
[1.041s] Level 1:colcon.colcon_core.package_identification:_identify(log) ignored
[1.042s] Level 1:colcon.colcon_core.package_identification:_identify(src) by extensions ['ignore', 'ignore_ament_install']
[1.042s] Level 1:colcon.colcon_core.package_identification:_identify(src) by extension 'ignore'
[1.042s] Level 1:colcon.colcon_core.package_identification:_identify(src) by extension 'ignore_ament_install'
[1.042s] Level 1:colcon.colcon_core.package_identification:_identify(src) by extensions ['colcon_pkg']
[1.042s] Level 1:colcon.colcon_core.package_identification:_identify(src) by extension 'colcon_pkg'
[1.042s] Level 1:colcon.colcon_core.package_identification:_identify(src) by extensions ['colcon_meta']
[1.042s] Level 1:colcon.colcon_core.package_identification:_identify(src) by extension 'colcon_meta'
[1.042s] Level 1:colcon.colcon_core.package_identification:_identify(src) by extensions ['ros']
[1.042s] Level 1:colcon.colcon_core.package_identification:_identify(src) by extension 'ros'
[1.042s] Level 1:colcon.colcon_core.package_identification:_identify(src) by extensions ['cmake', 'python']
[1.042s] Level 1:colcon.colcon_core.package_identification:_identify(src) by extension 'cmake'
[1.042s] Level 1:colcon.colcon_core.package_identification:_identify(src) by extension 'python'
[1.042s] Level 1:colcon.colcon_core.package_identification:_identify(src) by extensions ['python_setup_py']
[1.042s] Level 1:colcon.colcon_core.package_identification:_identify(src) by extension 'python_setup_py'
[1.042s] Level 1:colcon.colcon_core.package_identification:_identify(src/tas2-simulator) by extensions ['ignore', 'ignore_ament_install']
[1.042s] Level 1:colcon.colcon_core.package_identification:_identify(src/tas2-simulator) by extension 'ignore'
[1.042s] Level 1:colcon.colcon_core.package_identification:_identify(src/tas2-simulator) by extension 'ignore_ament_install'
[1.042s] Level 1:colcon.colcon_core.package_identification:_identify(src/tas2-simulator) by extensions ['colcon_pkg']
[1.042s] Level 1:colcon.colcon_core.package_identification:_identify(src/tas2-simulator) by extension 'colcon_pkg'
[1.042s] Level 1:colcon.colcon_core.package_identification:_identify(src/tas2-simulator) by extensions ['colcon_meta']
[1.042s] Level 1:colcon.colcon_core.package_identification:_identify(src/tas2-simulator) by extension 'colcon_meta'
[1.042s] Level 1:colcon.colcon_core.package_identification:_identify(src/tas2-simulator) by extensions ['ros']
[1.042s] Level 1:colcon.colcon_core.package_identification:_identify(src/tas2-simulator) by extension 'ros'
[1.049s] DEBUG:colcon.colcon_core.package_identification:Package 'src/tas2-simulator' with type 'ros.ament_cmake' and name 'tas2-simulator'
[1.049s] Level 1:colcon.colcon_core.package_discovery:discover_packages(recursive) using defaults
[1.049s] Level 1:colcon.colcon_core.package_discovery:discover_packages(ignore) discover
[1.049s] Level 1:colcon.colcon_core.package_discovery:discover_packages(ignore) using defaults
[1.049s] Level 1:colcon.colcon_core.package_discovery:discover_packages(path) discover
[1.049s] Level 1:colcon.colcon_core.package_discovery:discover_packages(path) using defaults
[1.133s] Level 1:colcon.colcon_core.package_discovery:discover_packages(prefix_path) check parameters
[1.134s] Level 1:colcon.colcon_core.package_discovery:discover_packages(prefix_path) discover
[1.147s] DEBUG:colcon.colcon_installed_package_information.package_discovery:Found 366 installed packages in /opt/ros/humble
[1.149s] Level 1:colcon.colcon_core.package_discovery:discover_packages(prefix_path) using defaults
[1.218s] Level 5:colcon.colcon_core.verb:set package 'tas2-simulator' build argument 'cmake_args' from command line to 'None'
[1.218s] Level 5:colcon.colcon_core.verb:set package 'tas2-simulator' build argument 'cmake_target' from command line to 'None'
[1.218s] Level 5:colcon.colcon_core.verb:set package 'tas2-simulator' build argument 'cmake_target_skip_unavailable' from command line to 'False'
[1.218s] Level 5:colcon.colcon_core.verb:set package 'tas2-simulator' build argument 'cmake_clean_cache' from command line to 'False'
[1.218s] Level 5:colcon.colcon_core.verb:set package 'tas2-simulator' build argument 'cmake_clean_first' from command line to 'False'
[1.218s] Level 5:colcon.colcon_core.verb:set package 'tas2-simulator' build argument 'cmake_force_configure' from command line to 'False'
[1.218s] Level 5:colcon.colcon_core.verb:set package 'tas2-simulator' build argument 'ament_cmake_args' from command line to 'None'
[1.218s] Level 5:colcon.colcon_core.verb:set package 'tas2-simulator' build argument 'catkin_cmake_args' from command line to 'None'
[1.218s] Level 5:colcon.colcon_core.verb:set package 'tas2-simulator' build argument 'catkin_skip_building_tests' from command line to 'False'
[1.218s] DEBUG:colcon.colcon_core.verb:Building package 'tas2-simulator' with the following arguments: {'ament_cmake_args': None, 'build_base': '/home/parallels/ros2_tas_project/build/tas2-simulator', 'catkin_cmake_args': None, 'catkin_skip_building_tests': False, 'cmake_args': None, 'cmake_clean_cache': False, 'cmake_clean_first': False, 'cmake_force_configure': False, 'cmake_target': None, 'cmake_target_skip_unavailable': False, 'install_base': '/home/parallels/ros2_tas_project/install/tas2-simulator', 'merge_install': False, 'path': '/home/parallels/ros2_tas_project/src/tas2-simulator', 'symlink_install': True, 'test_result_base': None}
[1.219s] INFO:colcon.colcon_core.executor:Executing jobs using 'parallel' executor
[1.223s] DEBUG:colcon.colcon_parallel_executor.executor.parallel:run_until_complete
[1.223s] INFO:colcon.colcon_ros.task.ament_cmake.build:Building ROS package in '/home/parallels/ros2_tas_project/src/tas2-simulator' with build type 'ament_cmake'
[1.223s] INFO:colcon.colcon_cmake.task.cmake.build:Building CMake package in '/home/parallels/ros2_tas_project/src/tas2-simulator'
[1.244s] INFO:colcon.colcon_core.plugin_system:Skipping extension 'colcon_core.shell.bat': Not used on non-Windows systems
[1.244s] INFO:colcon.colcon_core.shell:Skip shell extension 'powershell' for command environment: Not usable outside of PowerShell
[1.244s] DEBUG:colcon.colcon_core.shell:Skip shell extension 'dsv' for command environment
[1.261s] DEBUG:colcon.colcon_core.event_handler.log_command:Invoking command in '/home/parallels/ros2_tas_project/build/tas2-simulator': CMAKE_PREFIX_PATH=/opt/ros/humble COMP_WORDBREAKS=
"'><=;|&( /usr/bin/cmake /home/parallels/ros2_tas_project/src/tas2-simulator -DAMENT_CMAKE_SYMLINK_INSTALL=1 -DCMAKE_INSTALL_PREFIX=/home/parallels/ros2_tas_project/install/tas2-simulator
[2.541s] DEBUG:colcon.colcon_core.event_handler.log_command:Invoked command in '/home/parallels/ros2_tas_project/build/tas2-simulator' returned '0': CMAKE_PREFIX_PATH=/opt/ros/humble COMP_WORDBREAKS=
"'><=;|&( /usr/bin/cmake /home/parallels/ros2_tas_project/src/tas2-simulator -DAMENT_CMAKE_SYMLINK_INSTALL=1 -DCMAKE_INSTALL_PREFIX=/home/parallels/ros2_tas_project/install/tas2-simulator
[2.545s] DEBUG:colcon.colcon_core.event_handler.log_command:Invoking command in '/home/parallels/ros2_tas_project/build/tas2-simulator': CMAKE_PREFIX_PATH=/opt/ros/humble COMP_WORDBREAKS=
"'><=;|&( /usr/bin/cmake --build /home/parallels/ros2_tas_project/build/tas2-simulator -- -j4 -l4
[2.591s] DEBUG:colcon.colcon_core.event_handler.log_command:Invoked command in '/home/parallels/ros2_tas_project/build/tas2-simulator' returned '0': CMAKE_PREFIX_PATH=/opt/ros/humble COMP_WORDBREAKS=
"'><=;|&( /usr/bin/cmake --build /home/parallels/ros2_tas_project/build/tas2-simulator -- -j4 -l4
[2.632s] DEBUG:colcon.colcon_core.event_handler.log_command:Invoking command in '/home/parallels/ros2_tas_project/build/tas2-simulator': CMAKE_PREFIX_PATH=/opt/ros/humble COMP_WORDBREAKS=
"'><=;|&( /usr/bin/cmake --install /home/parallels/ros2_tas_project/build/tas2-simulator
[3.726s] Level 1:colcon.colcon_core.environment:create_environment_scripts_only(tas2-simulator)
[3.728s] DEBUG:colcon.colcon_core.event_handler.log_command:Invoked command in '/home/parallels/ros2_tas_project/build/tas2-simulator' returned '0': CMAKE_PREFIX_PATH=/opt/ros/humble COMP_WORDBREAKS=
"'><=;|&( /usr/bin/cmake --install /home/parallels/ros2_tas_project/build/tas2-simulator
[3.753s] Level 1:colcon.colcon_core.environment:checking '/home/parallels/ros2_tas_project/install/tas2-simulator' for CMake module files
[3.753s] Level 1:colcon.colcon_core.environment:checking '/home/parallels/ros2_tas_project/install/tas2-simulator' for CMake config files
[3.754s] Level 1:colcon.colcon_core.shell:create_environment_hook('tas2-simulator', 'cmake_prefix_path')
[3.755s] INFO:colcon.colcon_core.shell:Creating environment hook '/home/parallels/ros2_tas_project/install/tas2-simulator/share/tas2-simulator/hook/cmake_prefix_path.ps1'
[3.757s] INFO:colcon.colcon_core.shell:Creating environment descriptor '/home/parallels/ros2_tas_project/install/tas2-simulator/share/tas2-simulator/hook/cmake_prefix_path.dsv'
[3.758s] INFO:colcon.colcon_core.shell:Creating environment hook '/home/parallels/ros2_tas_project/install/tas2-simulator/share/tas2-simulator/hook/cmake_prefix_path.sh'
[3.760s] Level 1:colcon.colcon_core.environment:checking '/home/parallels/ros2_tas_project/install/tas2-simulator/bin'
[3.760s] Level 1:colcon.colcon_core.environment:checking '/home/parallels/ros2_tas_project/install/tas2-simulator/lib/pkgconfig/tas2-simulator.pc'
[3.760s] Level 1:colcon.colcon_core.environment:checking '/home/parallels/ros2_tas_project/install/tas2-simulator/lib/python3.10/site-packages'
[3.761s] Level 1:colcon.colcon_core.environment:checking '/home/parallels/ros2_tas_project/install/tas2-simulator/bin'
[3.762s] INFO:colcon.colcon_core.shell:Creating package script '/home/parallels/ros2_tas_project/install/tas2-simulator/share/tas2-simulator/package.ps1'
[3.764s] INFO:colcon.colcon_core.shell:Creating package descriptor '/home/parallels/ros2_tas_project/install/tas2-simulator/share/tas2-simulator/package.dsv'
[3.765s] INFO:colcon.colcon_core.shell:Creating package script '/home/parallels/ros2_tas_project/install/tas2-simulator/share/tas2-simulator/package.sh'
[3.766s] INFO:colcon.colcon_core.shell:Creating package script '/home/parallels/ros2_tas_project/install/tas2-simulator/share/tas2-simulator/package.bash'
[3.768s] INFO:colcon.colcon_core.shell:Creating package script '/home/parallels/ros2_tas_project/install/tas2-simulator/share/tas2-simulator/package.zsh'
[3.771s] Level 1:colcon.colcon_core.environment:create_file_with_runtime_dependencies(/home/parallels/ros2_tas_project/install/tas2-simulator/share/colcon-core/packages/tas2-simulator)
[3.805s] Level 1:colcon.colcon_core.environment:create_environment_scripts_only(tas2-simulator)
[3.806s] Level 1:colcon.colcon_core.environment:checking '/home/parallels/ros2_tas_project/install/tas2-simulator' for CMake module files
[3.806s] Level 1:colcon.colcon_core.environment:checking '/home/parallels/ros2_tas_project/install/tas2-simulator' for CMake config files
[3.807s] Level 1:colcon.colcon_core.shell:create_environment_hook('tas2-simulator', 'cmake_prefix_path')
[3.808s] INFO:colcon.colcon_core.shell:Creating environment hook '/home/parallels/ros2_tas_project/install/tas2-simulator/share/tas2-simulator/hook/cmake_prefix_path.ps1'
[3.808s] INFO:colcon.colcon_core.shell:Creating environment descriptor '/home/parallels/ros2_tas_project/install/tas2-simulator/share/tas2-simulator/hook/cmake_prefix_path.dsv'
[3.809s] INFO:colcon.colcon_core.shell:Creating environment hook '/home/parallels/ros2_tas_project/install/tas2-simulator/share/tas2-simulator/hook/cmake_prefix_path.sh'
[3.809s] Level 1:colcon.colcon_core.environment:checking '/home/parallels/ros2_tas_project/install/tas2-simulator/bin'
[3.809s] Level 1:colcon.colcon_core.environment:checking '/home/parallels/ros2_tas_project/install/tas2-simulator/lib/pkgconfig/tas2-simulator.pc'
[3.810s] Level 1:colcon.colcon_core.environment:checking '/home/parallels/ros2_tas_project/install/tas2-simulator/lib/python3.10/site-packages'
[3.810s] Level 1:colcon.colcon_core.environment:checking '/home/parallels/ros2_tas_project/install/tas2-simulator/bin'
[3.811s] INFO:colcon.colcon_core.shell:Creating package script '/home/parallels/ros2_tas_project/install/tas2-simulator/share/tas2-simulator/package.ps1'
[3.811s] INFO:colcon.colcon_core.shell:Creating package descriptor '/home/parallels/ros2_tas_project/install/tas2-simulator/share/tas2-simulator/package.dsv'
[3.812s] INFO:colcon.colcon_core.shell:Creating package script '/home/parallels/ros2_tas_project/install/tas2-simulator/share/tas2-simulator/package.sh'
[3.812s] INFO:colcon.colcon_core.shell:Creating package script '/home/parallels/ros2_tas_project/install/tas2-simulator/share/tas2-simulator/package.bash'
[3.813s] INFO:colcon.colcon_core.shell:Creating package script '/home/parallels/ros2_tas_project/install/tas2-simulator/share/tas2-simulator/package.zsh'
[3.813s] Level 1:colcon.colcon_core.environment:create_file_with_runtime_dependencies(/home/parallels/ros2_tas_project/install/tas2-simulator/share/colcon-core/packages/tas2-simulator)
[3.814s] DEBUG:colcon.colcon_parallel_executor.executor.parallel:closing loop
[3.815s] DEBUG:colcon.colcon_parallel_executor.executor.parallel:loop closed
[3.815s] DEBUG:colcon.colcon_parallel_executor.executor.parallel:run_until_complete finished with '0'
[3.815s] DEBUG:colcon.colcon_core.event_reactor:joining thread
[3.828s] INFO:colcon.colcon_core.plugin_system:Skipping extension 'colcon_notification.desktop_notification.terminal_notifier': Not used on non-Darwin systems
[3.829s] INFO:colcon.colcon_core.plugin_system:Skipping extension 'colcon_notification.desktop_notification.win32': Not used on non-Windows systems
[3.829s] INFO:colcon.colcon_notification.desktop_notification:Sending desktop notification using 'notify2'
[3.846s] DEBUG:colcon.colcon_core.event_reactor:joined thread
[3.848s] INFO:colcon.colcon_core.shell:Creating prefix script '/home/parallels/ros2_tas_project/install/local_setup.ps1'
[3.850s] INFO:colcon.colcon_core.shell:Creating prefix util module '/home/parallels/ros2_tas_project/install/_local_setup_util_ps1.py'
[3.853s] INFO:colcon.colcon_core.shell:Creating prefix chain script '/home/parallels/ros2_tas_project/install/setup.ps1'
[3.857s] INFO:colcon.colcon_core.shell:Creating prefix script '/home/parallels/ros2_tas_project/install/local_setup.sh'
[3.859s] INFO:colcon.colcon_core.shell:Creating prefix util module '/home/parallels/ros2_tas_project/install/_local_setup_util_sh.py'
[3.861s] INFO:colcon.colcon_core.shell:Creating prefix chain script '/home/parallels/ros2_tas_project/install/setup.sh'
[3.863s] INFO:colcon.colcon_core.shell:Creating prefix script '/home/parallels/ros2_tas_project/install/local_setup.bash'
[3.864s] INFO:colcon.colcon_core.shell:Creating prefix chain script '/home/parallels/ros2_tas_project/install/setup.bash'
[3.866s] INFO:colcon.colcon_core.shell:Creating prefix script '/home/parallels/ros2_tas_project/install/local_setup.zsh'
[3.867s] INFO:colcon.colcon_core.shell:Creating prefix chain script '/home/parallels/ros2_tas_project/install/setup.zsh'
