[0.303s] DEBUG:colcon:Command line arguments: ['/usr/bin/colcon', 'build']
[0.303s] DEBUG:colcon:Parsed command line arguments: Namespace(log_base=None, log_level=None, verb_name='build', build_base='build', install_base='install', merge_install=False, symlink_install=False, test_result_base=None, continue_on_error=False, executor='parallel', parallel_workers=4, event_handlers=None, ignore_user_meta=False, metas=['./colcon.meta'], base_paths=['.'], packages_ignore=None, packages_ignore_regex=None, paths=None, packages_up_to=None, packages_up_to_regex=None, packages_above=None, packages_above_and_dependencies=None, packages_above_depth=None, packages_select_by_dep=None, packages_skip_by_dep=None, packages_skip_up_to=None, packages_select_build_failed=False, packages_skip_build_finished=False, packages_select_test_failures=False, packages_skip_test_passed=False, packages_select=None, packages_skip=None, packages_select_regex=None, packages_skip_regex=None, packages_start=None, packages_end=None, allow_overriding=[], cmake_args=None, cmake_target=None, cmake_target_skip_unavailable=False, cmake_clean_cache=False, cmake_clean_first=False, cmake_force_configure=False, ament_cmake_args=None, catkin_cmake_args=None, catkin_skip_building_tests=False, verb_parser=<colcon_defaults.argument_parser.defaults.DefaultArgumentsDecorator object at 0x7f4f0900aaa0>, verb_extension=<colcon_core.verb.build.BuildVerb object at 0x7f4f09958f40>, main=<bound method BuildVerb.main of <colcon_core.verb.build.BuildVerb object at 0x7f4f09958f40>>)
[0.325s] Level 1:colcon.colcon_core.package_discovery:discover_packages(colcon_meta) check parameters
[0.325s] Level 1:colcon.colcon_core.package_discovery:discover_packages(recursive) check parameters
[0.325s] Level 1:colcon.colcon_core.package_discovery:discover_packages(ignore) check parameters
[0.325s] Level 1:colcon.colcon_core.package_discovery:discover_packages(path) check parameters
[0.325s] Level 1:colcon.colcon_core.package_discovery:discover_packages(colcon_meta) discover
[0.326s] Level 1:colcon.colcon_core.package_discovery:discover_packages(recursive) discover
[0.326s] INFO:colcon.colcon_core.package_discovery:Crawling recursively for packages in '/home/parallels/ros2_tas_project'
[0.326s] Level 1:colcon.colcon_core.package_identification:_identify(.) by extensions ['ignore', 'ignore_ament_install']
[0.326s] Level 1:colcon.colcon_core.package_identification:_identify(.) by extension 'ignore'
[0.326s] Level 1:colcon.colcon_core.package_identification:_identify(.) by extension 'ignore_ament_install'
[0.326s] Level 1:colcon.colcon_core.package_identification:_identify(.) by extensions ['colcon_pkg']
[0.326s] Level 1:colcon.colcon_core.package_identification:_identify(.) by extension 'colcon_pkg'
[0.326s] Level 1:colcon.colcon_core.package_identification:_identify(.) by extensions ['colcon_meta']
[0.327s] Level 1:colcon.colcon_core.package_identification:_identify(.) by extension 'colcon_meta'
[0.327s] Level 1:colcon.colcon_core.package_identification:_identify(.) by extensions ['ros']
[0.327s] Level 1:colcon.colcon_core.package_identification:_identify(.) by extension 'ros'
[0.347s] Level 1:colcon.colcon_core.package_identification:_identify(.) by extensions ['cmake', 'python']
[0.347s] Level 1:colcon.colcon_core.package_identification:_identify(.) by extension 'cmake'
[0.347s] Level 1:colcon.colcon_core.package_identification:_identify(.) by extension 'python'
[0.347s] Level 1:colcon.colcon_core.package_identification:_identify(.) by extensions ['python_setup_py']
[0.347s] Level 1:colcon.colcon_core.package_identification:_identify(.) by extension 'python_setup_py'
[0.348s] Level 1:colcon.colcon_core.package_identification:_identify(build) by extensions ['ignore', 'ignore_ament_install']
[0.348s] Level 1:colcon.colcon_core.package_identification:_identify(build) by extension 'ignore'
[0.348s] Level 1:colcon.colcon_core.package_identification:_identify(build) ignored
[0.348s] Level 1:colcon.colcon_core.package_identification:_identify(install) by extensions ['ignore', 'ignore_ament_install']
[0.348s] Level 1:colcon.colcon_core.package_identification:_identify(install) by extension 'ignore'
[0.348s] Level 1:colcon.colcon_core.package_identification:_identify(install) ignored
[0.349s] Level 1:colcon.colcon_core.package_identification:_identify(log) by extensions ['ignore', 'ignore_ament_install']
[0.349s] Level 1:colcon.colcon_core.package_identification:_identify(log) by extension 'ignore'
[0.349s] Level 1:colcon.colcon_core.package_identification:_identify(log) ignored
[0.349s] Level 1:colcon.colcon_core.package_identification:_identify(src) by extensions ['ignore', 'ignore_ament_install']
[0.349s] Level 1:colcon.colcon_core.package_identification:_identify(src) by extension 'ignore'
[0.349s] Level 1:colcon.colcon_core.package_identification:_identify(src) by extension 'ignore_ament_install'
[0.349s] Level 1:colcon.colcon_core.package_identification:_identify(src) by extensions ['colcon_pkg']
[0.349s] Level 1:colcon.colcon_core.package_identification:_identify(src) by extension 'colcon_pkg'
[0.350s] Level 1:colcon.colcon_core.package_identification:_identify(src) by extensions ['colcon_meta']
[0.350s] Level 1:colcon.colcon_core.package_identification:_identify(src) by extension 'colcon_meta'
[0.350s] Level 1:colcon.colcon_core.package_identification:_identify(src) by extensions ['ros']
[0.350s] Level 1:colcon.colcon_core.package_identification:_identify(src) by extension 'ros'
[0.350s] Level 1:colcon.colcon_core.package_identification:_identify(src) by extensions ['cmake', 'python']
[0.350s] Level 1:colcon.colcon_core.package_identification:_identify(src) by extension 'cmake'
[0.350s] Level 1:colcon.colcon_core.package_identification:_identify(src) by extension 'python'
[0.350s] Level 1:colcon.colcon_core.package_identification:_identify(src) by extensions ['python_setup_py']
[0.350s] Level 1:colcon.colcon_core.package_identification:_identify(src) by extension 'python_setup_py'
[0.350s] Level 1:colcon.colcon_core.package_identification:_identify(src/tas2-simulator) by extensions ['ignore', 'ignore_ament_install']
[0.350s] Level 1:colcon.colcon_core.package_identification:_identify(src/tas2-simulator) by extension 'ignore'
[0.351s] Level 1:colcon.colcon_core.package_identification:_identify(src/tas2-simulator) by extension 'ignore_ament_install'
[0.351s] Level 1:colcon.colcon_core.package_identification:_identify(src/tas2-simulator) by extensions ['colcon_pkg']
[0.351s] Level 1:colcon.colcon_core.package_identification:_identify(src/tas2-simulator) by extension 'colcon_pkg'
[0.351s] Level 1:colcon.colcon_core.package_identification:_identify(src/tas2-simulator) by extensions ['colcon_meta']
[0.351s] Level 1:colcon.colcon_core.package_identification:_identify(src/tas2-simulator) by extension 'colcon_meta'
[0.351s] Level 1:colcon.colcon_core.package_identification:_identify(src/tas2-simulator) by extensions ['ros']
[0.351s] Level 1:colcon.colcon_core.package_identification:_identify(src/tas2-simulator) by extension 'ros'
[0.354s] DEBUG:colcon.colcon_core.package_identification:Package 'src/tas2-simulator' with type 'ros.ament_cmake' and name 'tas2-simulator'
[0.354s] Level 1:colcon.colcon_core.package_discovery:discover_packages(recursive) using defaults
[0.354s] Level 1:colcon.colcon_core.package_discovery:discover_packages(ignore) discover
[0.354s] Level 1:colcon.colcon_core.package_discovery:discover_packages(ignore) using defaults
[0.354s] Level 1:colcon.colcon_core.package_discovery:discover_packages(path) discover
[0.354s] Level 1:colcon.colcon_core.package_discovery:discover_packages(path) using defaults
[0.379s] Level 1:colcon.colcon_core.package_discovery:discover_packages(prefix_path) check parameters
[0.379s] Level 1:colcon.colcon_core.package_discovery:discover_packages(prefix_path) discover
[0.383s] DEBUG:colcon.colcon_installed_package_information.package_discovery:Found 366 installed packages in /opt/ros/humble
[0.384s] Level 1:colcon.colcon_core.package_discovery:discover_packages(prefix_path) using defaults
[0.452s] Level 5:colcon.colcon_core.verb:set package 'tas2-simulator' build argument 'cmake_args' from command line to 'None'
[0.453s] Level 5:colcon.colcon_core.verb:set package 'tas2-simulator' build argument 'cmake_target' from command line to 'None'
[0.453s] Level 5:colcon.colcon_core.verb:set package 'tas2-simulator' build argument 'cmake_target_skip_unavailable' from command line to 'False'
[0.453s] Level 5:colcon.colcon_core.verb:set package 'tas2-simulator' build argument 'cmake_clean_cache' from command line to 'False'
[0.453s] Level 5:colcon.colcon_core.verb:set package 'tas2-simulator' build argument 'cmake_clean_first' from command line to 'False'
[0.453s] Level 5:colcon.colcon_core.verb:set package 'tas2-simulator' build argument 'cmake_force_configure' from command line to 'False'
[0.453s] Level 5:colcon.colcon_core.verb:set package 'tas2-simulator' build argument 'ament_cmake_args' from command line to 'None'
[0.453s] Level 5:colcon.colcon_core.verb:set package 'tas2-simulator' build argument 'catkin_cmake_args' from command line to 'None'
[0.453s] Level 5:colcon.colcon_core.verb:set package 'tas2-simulator' build argument 'catkin_skip_building_tests' from command line to 'False'
[0.453s] DEBUG:colcon.colcon_core.verb:Building package 'tas2-simulator' with the following arguments: {'ament_cmake_args': None, 'build_base': '/home/parallels/ros2_tas_project/build/tas2-simulator', 'catkin_cmake_args': None, 'catkin_skip_building_tests': False, 'cmake_args': None, 'cmake_clean_cache': False, 'cmake_clean_first': False, 'cmake_force_configure': False, 'cmake_target': None, 'cmake_target_skip_unavailable': False, 'install_base': '/home/parallels/ros2_tas_project/install/tas2-simulator', 'merge_install': False, 'path': '/home/parallels/ros2_tas_project/src/tas2-simulator', 'symlink_install': False, 'test_result_base': None}
[0.454s] INFO:colcon.colcon_core.executor:Executing jobs using 'parallel' executor
[0.458s] DEBUG:colcon.colcon_parallel_executor.executor.parallel:run_until_complete
[0.458s] INFO:colcon.colcon_ros.task.ament_cmake.build:Building ROS package in '/home/parallels/ros2_tas_project/src/tas2-simulator' with build type 'ament_cmake'
[0.458s] INFO:colcon.colcon_cmake.task.cmake.build:Building CMake package in '/home/parallels/ros2_tas_project/src/tas2-simulator'
[0.465s] INFO:colcon.colcon_core.plugin_system:Skipping extension 'colcon_core.shell.bat': Not used on non-Windows systems
[0.465s] INFO:colcon.colcon_core.shell:Skip shell extension 'powershell' for command environment: Not usable outside of PowerShell
[0.465s] DEBUG:colcon.colcon_core.shell:Skip shell extension 'dsv' for command environment
[0.477s] DEBUG:colcon.colcon_core.event_handler.log_command:Invoking command in '/home/parallels/ros2_tas_project/build/tas2-simulator': CMAKE_PREFIX_PATH=/opt/ros/humble COMP_WORDBREAKS=
"'><=;|&( /usr/bin/cmake /home/parallels/ros2_tas_project/src/tas2-simulator -DCMAKE_INSTALL_PREFIX=/home/parallels/ros2_tas_project/install/tas2-simulator
[0.842s] DEBUG:colcon.colcon_core.event_handler.log_command:Invoked command in '/home/parallels/ros2_tas_project/build/tas2-simulator' returned '0': CMAKE_PREFIX_PATH=/opt/ros/humble COMP_WORDBREAKS=
"'><=;|&( /usr/bin/cmake /home/parallels/ros2_tas_project/src/tas2-simulator -DCMAKE_INSTALL_PREFIX=/home/parallels/ros2_tas_project/install/tas2-simulator
[0.847s] DEBUG:colcon.colcon_core.event_handler.log_command:Invoking command in '/home/parallels/ros2_tas_project/build/tas2-simulator': CMAKE_PREFIX_PATH=/opt/ros/humble COMP_WORDBREAKS=
"'><=;|&( /usr/bin/cmake --build /home/parallels/ros2_tas_project/build/tas2-simulator -- -j4 -l4
[0.918s] DEBUG:colcon.colcon_core.event_handler.log_command:Invoked command in '/home/parallels/ros2_tas_project/build/tas2-simulator' returned '0': CMAKE_PREFIX_PATH=/opt/ros/humble COMP_WORDBREAKS=
"'><=;|&( /usr/bin/cmake --build /home/parallels/ros2_tas_project/build/tas2-simulator -- -j4 -l4
[1.002s] DEBUG:colcon.colcon_core.event_handler.log_command:Invoking command in '/home/parallels/ros2_tas_project/build/tas2-simulator': CMAKE_PREFIX_PATH=/opt/ros/humble COMP_WORDBREAKS=
"'><=;|&( /usr/bin/cmake --install /home/parallels/ros2_tas_project/build/tas2-simulator
[1.454s] Level 1:colcon.colcon_core.environment:create_environment_scripts_only(tas2-simulator)
[1.454s] DEBUG:colcon.colcon_core.event_handler.log_command:Invoked command in '/home/parallels/ros2_tas_project/build/tas2-simulator' returned '0': CMAKE_PREFIX_PATH=/opt/ros/humble COMP_WORDBREAKS=
"'><=;|&( /usr/bin/cmake --install /home/parallels/ros2_tas_project/build/tas2-simulator
[1.461s] Level 1:colcon.colcon_core.environment:checking '/home/parallels/ros2_tas_project/install/tas2-simulator' for CMake module files
[1.462s] Level 1:colcon.colcon_core.environment:checking '/home/parallels/ros2_tas_project/install/tas2-simulator' for CMake config files
[1.462s] Level 1:colcon.colcon_core.shell:create_environment_hook('tas2-simulator', 'cmake_prefix_path')
[1.464s] INFO:colcon.colcon_core.shell:Creating environment hook '/home/parallels/ros2_tas_project/install/tas2-simulator/share/tas2-simulator/hook/cmake_prefix_path.ps1'
[1.465s] INFO:colcon.colcon_core.shell:Creating environment descriptor '/home/parallels/ros2_tas_project/install/tas2-simulator/share/tas2-simulator/hook/cmake_prefix_path.dsv'
[1.467s] INFO:colcon.colcon_core.shell:Creating environment hook '/home/parallels/ros2_tas_project/install/tas2-simulator/share/tas2-simulator/hook/cmake_prefix_path.sh'
[1.470s] Level 1:colcon.colcon_core.environment:checking '/home/parallels/ros2_tas_project/install/tas2-simulator/bin'
[1.471s] Level 1:colcon.colcon_core.environment:checking '/home/parallels/ros2_tas_project/install/tas2-simulator/lib/pkgconfig/tas2-simulator.pc'
[1.471s] Level 1:colcon.colcon_core.environment:checking '/home/parallels/ros2_tas_project/install/tas2-simulator/lib/python3.10/site-packages'
[1.472s] Level 1:colcon.colcon_core.environment:checking '/home/parallels/ros2_tas_project/install/tas2-simulator/bin'
[1.474s] INFO:colcon.colcon_core.shell:Creating package script '/home/parallels/ros2_tas_project/install/tas2-simulator/share/tas2-simulator/package.ps1'
[1.475s] INFO:colcon.colcon_core.shell:Creating package descriptor '/home/parallels/ros2_tas_project/install/tas2-simulator/share/tas2-simulator/package.dsv'
[1.476s] INFO:colcon.colcon_core.shell:Creating package script '/home/parallels/ros2_tas_project/install/tas2-simulator/share/tas2-simulator/package.sh'
[1.477s] INFO:colcon.colcon_core.shell:Creating package script '/home/parallels/ros2_tas_project/install/tas2-simulator/share/tas2-simulator/package.bash'
[1.478s] INFO:colcon.colcon_core.shell:Creating package script '/home/parallels/ros2_tas_project/install/tas2-simulator/share/tas2-simulator/package.zsh'
[1.478s] Level 1:colcon.colcon_core.environment:create_file_with_runtime_dependencies(/home/parallels/ros2_tas_project/install/tas2-simulator/share/colcon-core/packages/tas2-simulator)
[1.541s] Level 1:colcon.colcon_core.environment:create_environment_scripts_only(tas2-simulator)
[1.544s] Level 1:colcon.colcon_core.environment:checking '/home/parallels/ros2_tas_project/install/tas2-simulator' for CMake module files
[1.544s] Level 1:colcon.colcon_core.environment:checking '/home/parallels/ros2_tas_project/install/tas2-simulator' for CMake config files
[1.545s] Level 1:colcon.colcon_core.shell:create_environment_hook('tas2-simulator', 'cmake_prefix_path')
[1.546s] INFO:colcon.colcon_core.shell:Creating environment hook '/home/parallels/ros2_tas_project/install/tas2-simulator/share/tas2-simulator/hook/cmake_prefix_path.ps1'
[1.547s] INFO:colcon.colcon_core.shell:Creating environment descriptor '/home/parallels/ros2_tas_project/install/tas2-simulator/share/tas2-simulator/hook/cmake_prefix_path.dsv'
[1.548s] INFO:colcon.colcon_core.shell:Creating environment hook '/home/parallels/ros2_tas_project/install/tas2-simulator/share/tas2-simulator/hook/cmake_prefix_path.sh'
[1.550s] Level 1:colcon.colcon_core.environment:checking '/home/parallels/ros2_tas_project/install/tas2-simulator/bin'
[1.551s] Level 1:colcon.colcon_core.environment:checking '/home/parallels/ros2_tas_project/install/tas2-simulator/lib/pkgconfig/tas2-simulator.pc'
[1.551s] Level 1:colcon.colcon_core.environment:checking '/home/parallels/ros2_tas_project/install/tas2-simulator/lib/python3.10/site-packages'
[1.551s] Level 1:colcon.colcon_core.environment:checking '/home/parallels/ros2_tas_project/install/tas2-simulator/bin'
[1.553s] INFO:colcon.colcon_core.shell:Creating package script '/home/parallels/ros2_tas_project/install/tas2-simulator/share/tas2-simulator/package.ps1'
[1.554s] INFO:colcon.colcon_core.shell:Creating package descriptor '/home/parallels/ros2_tas_project/install/tas2-simulator/share/tas2-simulator/package.dsv'
[1.555s] INFO:colcon.colcon_core.shell:Creating package script '/home/parallels/ros2_tas_project/install/tas2-simulator/share/tas2-simulator/package.sh'
[1.556s] INFO:colcon.colcon_core.shell:Creating package script '/home/parallels/ros2_tas_project/install/tas2-simulator/share/tas2-simulator/package.bash'
[1.557s] INFO:colcon.colcon_core.shell:Creating package script '/home/parallels/ros2_tas_project/install/tas2-simulator/share/tas2-simulator/package.zsh'
[1.559s] Level 1:colcon.colcon_core.environment:create_file_with_runtime_dependencies(/home/parallels/ros2_tas_project/install/tas2-simulator/share/colcon-core/packages/tas2-simulator)
[1.561s] DEBUG:colcon.colcon_parallel_executor.executor.parallel:closing loop
[1.562s] DEBUG:colcon.colcon_parallel_executor.executor.parallel:loop closed
[1.562s] DEBUG:colcon.colcon_parallel_executor.executor.parallel:run_until_complete finished with '0'
[1.562s] DEBUG:colcon.colcon_core.event_reactor:joining thread
[1.578s] INFO:colcon.colcon_core.plugin_system:Skipping extension 'colcon_notification.desktop_notification.terminal_notifier': Not used on non-Darwin systems
[1.578s] INFO:colcon.colcon_core.plugin_system:Skipping extension 'colcon_notification.desktop_notification.win32': Not used on non-Windows systems
[1.578s] INFO:colcon.colcon_notification.desktop_notification:Sending desktop notification using 'notify2'
[1.614s] DEBUG:colcon.colcon_core.event_reactor:joined thread
[1.618s] INFO:colcon.colcon_core.shell:Creating prefix script '/home/parallels/ros2_tas_project/install/local_setup.ps1'
[1.622s] INFO:colcon.colcon_core.shell:Creating prefix util module '/home/parallels/ros2_tas_project/install/_local_setup_util_ps1.py'
[1.626s] INFO:colcon.colcon_core.shell:Creating prefix chain script '/home/parallels/ros2_tas_project/install/setup.ps1'
[1.630s] INFO:colcon.colcon_core.shell:Creating prefix script '/home/parallels/ros2_tas_project/install/local_setup.sh'
[1.633s] INFO:colcon.colcon_core.shell:Creating prefix util module '/home/parallels/ros2_tas_project/install/_local_setup_util_sh.py'
[1.635s] INFO:colcon.colcon_core.shell:Creating prefix chain script '/home/parallels/ros2_tas_project/install/setup.sh'
[1.639s] INFO:colcon.colcon_core.shell:Creating prefix script '/home/parallels/ros2_tas_project/install/local_setup.bash'
[1.641s] INFO:colcon.colcon_core.shell:Creating prefix chain script '/home/parallels/ros2_tas_project/install/setup.bash'
[1.645s] INFO:colcon.colcon_core.shell:Creating prefix script '/home/parallels/ros2_tas_project/install/local_setup.zsh'
[1.649s] INFO:colcon.colcon_core.shell:Creating prefix chain script '/home/parallels/ros2_tas_project/install/setup.zsh'
