-- Found ament_cmake: 1.3.2 (/opt/ros/humble/share/ament_cmake/cmake)
-- Override CMake install command with custom implementation using symlinks instead of copying resources
-- Found ament_lint_auto: 0.12.4 (/opt/ros/humble/share/ament_lint_auto/cmake)
-- Added test 'flake8' to check Python code syntax and style conventions
-- Added test 'lint_cmake' to check CMake code style
-- Added test 'pep257' to check Python code against some of the docstring style conventions in PEP 257
-- Added test 'xmllint' to check XML markup files
-- Configuring done
-- Generating done
-- Build files have been written to: /home/parallels/ros2_tas_project/build/tas2-simulator
-- Install configuration: ""
-- Execute custom install script
-- Up-to-date symlink: /home/parallels/ros2_tas_project/install/tas2-simulator/share/tas2-simulator/config/ekf.yaml
-- Up-to-date symlink: /home/parallels/ros2_tas_project/install/tas2-simulator/share/tas2-simulator/config/navigation.yaml
-- Up-to-date symlink: /home/parallels/ros2_tas_project/install/tas2-simulator/share/tas2-simulator/launch/gazeboBringupTAScar.py
-- Symlinking: /home/parallels/ros2_tas_project/install/tas2-simulator/share/tas2-simulator/launch/gazebo_bringup_cafe.py
-- Up-to-date symlink: /home/parallels/ros2_tas_project/install/tas2-simulator/share/tas2-simulator/launch/navigationTAScar.py
-- Up-to-date symlink: /home/parallels/ros2_tas_project/install/tas2-simulator/share/tas2-simulator/launch/visualizeTAScar.py
-- Up-to-date symlink: /home/parallels/ros2_tas_project/install/tas2-simulator/share/tas2-simulator/maps/LSR_N5_TASlab.pgm
-- Up-to-date symlink: /home/parallels/ros2_tas_project/install/tas2-simulator/share/tas2-simulator/maps/LSR_N5_TASlab.yaml
-- Up-to-date symlink: /home/parallels/ros2_tas_project/install/tas2-simulator/share/tas2-simulator/maps/LSR_N5_basement.pgm
-- Up-to-date symlink: /home/parallels/ros2_tas_project/install/tas2-simulator/share/tas2-simulator/maps/LSR_N5_basement.yaml
-- Up-to-date symlink: /home/parallels/ros2_tas_project/install/tas2-simulator/share/tas2-simulator/models/gazeboModels/basement/model.config
-- Up-to-date symlink: /home/parallels/ros2_tas_project/install/tas2-simulator/share/tas2-simulator/models/gazeboModels/basement/model.sdf
-- Up-to-date symlink: /home/parallels/ros2_tas_project/install/tas2-simulator/share/tas2-simulator/models/gazeboModels/box/meshes/box.dae
-- Up-to-date symlink: /home/parallels/ros2_tas_project/install/tas2-simulator/share/tas2-simulator/models/gazeboModels/box/meshes/crate01.jpg
-- Up-to-date symlink: /home/parallels/ros2_tas_project/install/tas2-simulator/share/tas2-simulator/models/gazeboModels/box/model.config
-- Up-to-date symlink: /home/parallels/ros2_tas_project/install/tas2-simulator/share/tas2-simulator/models/gazeboModels/box/model.sdf
-- Up-to-date symlink: /home/parallels/ros2_tas_project/install/tas2-simulator/share/tas2-simulator/models/gazeboModels/cabinet/meshes/cabinet.dae
-- Up-to-date symlink: /home/parallels/ros2_tas_project/install/tas2-simulator/share/tas2-simulator/models/gazeboModels/cabinet/model.config
-- Up-to-date symlink: /home/parallels/ros2_tas_project/install/tas2-simulator/share/tas2-simulator/models/gazeboModels/cabinet/model.sdf
-- Symlinking: /home/parallels/ros2_tas_project/install/tas2-simulator/share/tas2-simulator/models/gazeboModels/cafe/materials/textures/__auto_10.jpg
-- Symlinking: /home/parallels/ros2_tas_project/install/tas2-simulator/share/tas2-simulator/models/gazeboModels/cafe/materials/textures/__auto_2.jpg
-- Symlinking: /home/parallels/ros2_tas_project/install/tas2-simulator/share/tas2-simulator/models/gazeboModels/cafe/materials/textures/__auto_21.jpg
-- Symlinking: /home/parallels/ros2_tas_project/install/tas2-simulator/share/tas2-simulator/models/gazeboModels/cafe/materials/textures/__auto_22.jpg
-- Symlinking: /home/parallels/ros2_tas_project/install/tas2-simulator/share/tas2-simulator/models/gazeboModels/cafe/materials/textures/__auto_23.jpg
-- Symlinking: /home/parallels/ros2_tas_project/install/tas2-simulator/share/tas2-simulator/models/gazeboModels/cafe/materials/textures/__auto_24.jpg
-- Symlinking: /home/parallels/ros2_tas_project/install/tas2-simulator/share/tas2-simulator/models/gazeboModels/cafe/materials/textures/__auto_25.jpg
-- Symlinking: /home/parallels/ros2_tas_project/install/tas2-simulator/share/tas2-simulator/models/gazeboModels/cafe/materials/textures/__auto_26.jpg
-- Symlinking: /home/parallels/ros2_tas_project/install/tas2-simulator/share/tas2-simulator/models/gazeboModels/cafe/materials/textures/__auto_28.jpg
-- Symlinking: /home/parallels/ros2_tas_project/install/tas2-simulator/share/tas2-simulator/models/gazeboModels/cafe/materials/textures/__auto_29.jpg
-- Symlinking: /home/parallels/ros2_tas_project/install/tas2-simulator/share/tas2-simulator/models/gazeboModels/cafe/materials/textures/__auto_30.jpg
-- Symlinking: /home/parallels/ros2_tas_project/install/tas2-simulator/share/tas2-simulator/models/gazeboModels/cafe/materials/textures/__auto_31.jpg
-- Symlinking: /home/parallels/ros2_tas_project/install/tas2-simulator/share/tas2-simulator/models/gazeboModels/cafe/materials/textures/__auto_34.jpg
-- Symlinking: /home/parallels/ros2_tas_project/install/tas2-simulator/share/tas2-simulator/models/gazeboModels/cafe/materials/textures/__auto_35.jpg
-- Symlinking: /home/parallels/ros2_tas_project/install/tas2-simulator/share/tas2-simulator/models/gazeboModels/cafe/materials/textures/__auto_37.jpg
-- Symlinking: /home/parallels/ros2_tas_project/install/tas2-simulator/share/tas2-simulator/models/gazeboModels/cafe/meshes/cafe.dae
-- Symlinking: /home/parallels/ros2_tas_project/install/tas2-simulator/share/tas2-simulator/models/gazeboModels/cafe/model.config
-- Symlinking: /home/parallels/ros2_tas_project/install/tas2-simulator/share/tas2-simulator/models/gazeboModels/cafe/model.sdf
-- Symlinking: /home/parallels/ros2_tas_project/install/tas2-simulator/share/tas2-simulator/models/gazeboModels/cafe_table/materials/textures/Maple.jpg
-- Symlinking: /home/parallels/ros2_tas_project/install/tas2-simulator/share/tas2-simulator/models/gazeboModels/cafe_table/materials/textures/Wood_Floor_Dark.jpg
-- Symlinking: /home/parallels/ros2_tas_project/install/tas2-simulator/share/tas2-simulator/models/gazeboModels/cafe_table/meshes/cafe_table.dae
-- Symlinking: /home/parallels/ros2_tas_project/install/tas2-simulator/share/tas2-simulator/models/gazeboModels/cafe_table/model-1_4.sdf
-- Symlinking: /home/parallels/ros2_tas_project/install/tas2-simulator/share/tas2-simulator/models/gazeboModels/cafe_table/model.config
-- Symlinking: /home/parallels/ros2_tas_project/install/tas2-simulator/share/tas2-simulator/models/gazeboModels/cafe_table/model.sdf
-- Up-to-date symlink: /home/parallels/ros2_tas_project/install/tas2-simulator/share/tas2-simulator/models/gazeboModels/chair/meshes/M_Office_Chair_baseColor.png
-- Up-to-date symlink: /home/parallels/ros2_tas_project/install/tas2-simulator/share/tas2-simulator/models/gazeboModels/chair/meshes/chair.dae
-- Up-to-date symlink: /home/parallels/ros2_tas_project/install/tas2-simulator/share/tas2-simulator/models/gazeboModels/chair/model.config
-- Up-to-date symlink: /home/parallels/ros2_tas_project/install/tas2-simulator/share/tas2-simulator/models/gazeboModels/chair/model.sdf
-- Up-to-date symlink: /home/parallels/ros2_tas_project/install/tas2-simulator/share/tas2-simulator/models/gazeboModels/door/meshes/door.dae
-- Up-to-date symlink: /home/parallels/ros2_tas_project/install/tas2-simulator/share/tas2-simulator/models/gazeboModels/door/model.config
-- Up-to-date symlink: /home/parallels/ros2_tas_project/install/tas2-simulator/share/tas2-simulator/models/gazeboModels/door/model.sdf
-- Up-to-date symlink: /home/parallels/ros2_tas_project/install/tas2-simulator/share/tas2-simulator/models/gazeboModels/doorxl/meshes/doorxl.dae
-- Up-to-date symlink: /home/parallels/ros2_tas_project/install/tas2-simulator/share/tas2-simulator/models/gazeboModels/doorxl/model.config
-- Up-to-date symlink: /home/parallels/ros2_tas_project/install/tas2-simulator/share/tas2-simulator/models/gazeboModels/doorxl/model.sdf
-- Up-to-date symlink: /home/parallels/ros2_tas_project/install/tas2-simulator/share/tas2-simulator/models/gazeboModels/keyboard/meshes/Keyboard_1001_AlbedoTransparency.png
-- Up-to-date symlink: /home/parallels/ros2_tas_project/install/tas2-simulator/share/tas2-simulator/models/gazeboModels/keyboard/meshes/keyboard.dae
-- Up-to-date symlink: /home/parallels/ros2_tas_project/install/tas2-simulator/share/tas2-simulator/models/gazeboModels/keyboard/model.config
-- Up-to-date symlink: /home/parallels/ros2_tas_project/install/tas2-simulator/share/tas2-simulator/models/gazeboModels/keyboard/model.sdf
-- Up-to-date symlink: /home/parallels/ros2_tas_project/install/tas2-simulator/share/tas2-simulator/models/gazeboModels/monitor/meshes/Monitor_01_Complete_Monitor_01_BaseColor.jpg
-- Up-to-date symlink: /home/parallels/ros2_tas_project/install/tas2-simulator/share/tas2-simulator/models/gazeboModels/monitor/meshes/Monitor_01_Complete_Monitor_01_BaseColor.jpg.001.jpg
-- Up-to-date symlink: /home/parallels/ros2_tas_project/install/tas2-simulator/share/tas2-simulator/models/gazeboModels/monitor/meshes/Monitor_01_Complete_Monitor_01_Decals_Base.jpg
-- Up-to-date symlink: /home/parallels/ros2_tas_project/install/tas2-simulator/share/tas2-simulator/models/gazeboModels/monitor/meshes/Monitor_01_Complete_Monitor_01_Decals_Base.jpg.001.jpg
-- Up-to-date symlink: /home/parallels/ros2_tas_project/install/tas2-simulator/share/tas2-simulator/models/gazeboModels/monitor/meshes/monitor.dae
-- Up-to-date symlink: /home/parallels/ros2_tas_project/install/tas2-simulator/share/tas2-simulator/models/gazeboModels/monitor/model.config
-- Up-to-date symlink: /home/parallels/ros2_tas_project/install/tas2-simulator/share/tas2-simulator/models/gazeboModels/monitor/model.sdf
-- Up-to-date symlink: /home/parallels/ros2_tas_project/install/tas2-simulator/share/tas2-simulator/models/gazeboModels/my_ground_plane/materials/scripts/my_ground_plane.material
-- Up-to-date symlink: /home/parallels/ros2_tas_project/install/tas2-simulator/share/tas2-simulator/models/gazeboModels/my_ground_plane/materials/textures/floor.jpg
-- Up-to-date symlink: /home/parallels/ros2_tas_project/install/tas2-simulator/share/tas2-simulator/models/gazeboModels/my_ground_plane/model.config
-- Up-to-date symlink: /home/parallels/ros2_tas_project/install/tas2-simulator/share/tas2-simulator/models/gazeboModels/my_ground_plane/model.sdf
-- Up-to-date symlink: /home/parallels/ros2_tas_project/install/tas2-simulator/share/tas2-simulator/models/gazeboModels/office_table/meshes/Untitled.png
-- Up-to-date symlink: /home/parallels/ros2_tas_project/install/tas2-simulator/share/tas2-simulator/models/gazeboModels/office_table/meshes/office_table.dae
-- Up-to-date symlink: /home/parallels/ros2_tas_project/install/tas2-simulator/share/tas2-simulator/models/gazeboModels/office_table/model.config
-- Up-to-date symlink: /home/parallels/ros2_tas_project/install/tas2-simulator/share/tas2-simulator/models/gazeboModels/office_table/model.sdf
-- Up-to-date symlink: /home/parallels/ros2_tas_project/install/tas2-simulator/share/tas2-simulator/models/gazeboModels/pc/meshes/Material.001_baseColor.png
-- Up-to-date symlink: /home/parallels/ros2_tas_project/install/tas2-simulator/share/tas2-simulator/models/gazeboModels/pc/meshes/pc.dae
-- Up-to-date symlink: /home/parallels/ros2_tas_project/install/tas2-simulator/share/tas2-simulator/models/gazeboModels/pc/model.config
-- Up-to-date symlink: /home/parallels/ros2_tas_project/install/tas2-simulator/share/tas2-simulator/models/gazeboModels/pc/model.sdf
-- Up-to-date symlink: /home/parallels/ros2_tas_project/install/tas2-simulator/share/tas2-simulator/models/gazeboModels/person_walking/materials/textures/eyebrow001-unmodified.png
-- Up-to-date symlink: /home/parallels/ros2_tas_project/install/tas2-simulator/share/tas2-simulator/models/gazeboModels/person_walking/materials/textures/eyebrow001.png
-- Up-to-date symlink: /home/parallels/ros2_tas_project/install/tas2-simulator/share/tas2-simulator/models/gazeboModels/person_walking/materials/textures/green_eye.png
-- Up-to-date symlink: /home/parallels/ros2_tas_project/install/tas2-simulator/share/tas2-simulator/models/gazeboModels/person_walking/materials/textures/jeans01_normals.png
-- Up-to-date symlink: /home/parallels/ros2_tas_project/install/tas2-simulator/share/tas2-simulator/models/gazeboModels/person_walking/materials/textures/jeans_basic_diffuse.png
-- Up-to-date symlink: /home/parallels/ros2_tas_project/install/tas2-simulator/share/tas2-simulator/models/gazeboModels/person_walking/materials/textures/male02_diffuse_black-unmodified.png
-- Up-to-date symlink: /home/parallels/ros2_tas_project/install/tas2-simulator/share/tas2-simulator/models/gazeboModels/person_walking/materials/textures/male02_diffuse_black.png
-- Up-to-date symlink: /home/parallels/ros2_tas_project/install/tas2-simulator/share/tas2-simulator/models/gazeboModels/person_walking/materials/textures/teeth.png
-- Up-to-date symlink: /home/parallels/ros2_tas_project/install/tas2-simulator/share/tas2-simulator/models/gazeboModels/person_walking/materials/textures/tshirt02_normals.png
-- Up-to-date symlink: /home/parallels/ros2_tas_project/install/tas2-simulator/share/tas2-simulator/models/gazeboModels/person_walking/materials/textures/tshirt02_texture.png
-- Up-to-date symlink: /home/parallels/ros2_tas_project/install/tas2-simulator/share/tas2-simulator/models/gazeboModels/person_walking/materials/textures/young_lightskinned_male_diffuse.png
-- Up-to-date symlink: /home/parallels/ros2_tas_project/install/tas2-simulator/share/tas2-simulator/models/gazeboModels/person_walking/meshes/walking.dae
-- Up-to-date symlink: /home/parallels/ros2_tas_project/install/tas2-simulator/share/tas2-simulator/models/gazeboModels/person_walking/model.config
-- Up-to-date symlink: /home/parallels/ros2_tas_project/install/tas2-simulator/share/tas2-simulator/models/gazeboModels/person_walking/model.sdf
-- Up-to-date symlink: /home/parallels/ros2_tas_project/install/tas2-simulator/share/tas2-simulator/models/gazeboModels/stairs/meshes/stairs.dae
-- Up-to-date symlink: /home/parallels/ros2_tas_project/install/tas2-simulator/share/tas2-simulator/models/gazeboModels/stairs/model.config
-- Up-to-date symlink: /home/parallels/ros2_tas_project/install/tas2-simulator/share/tas2-simulator/models/gazeboModels/stairs/model.sdf
-- Up-to-date symlink: /home/parallels/ros2_tas_project/install/tas2-simulator/share/tas2-simulator/models/gazeboModels/workbench/meshes/WorkBench_PBR_SG_baseColor.png.001.png
-- Up-to-date symlink: /home/parallels/ros2_tas_project/install/tas2-simulator/share/tas2-simulator/models/gazeboModels/workbench/meshes/workbench.dae
-- Up-to-date symlink: /home/parallels/ros2_tas_project/install/tas2-simulator/share/tas2-simulator/models/gazeboModels/workbench/model.config
-- Up-to-date symlink: /home/parallels/ros2_tas_project/install/tas2-simulator/share/tas2-simulator/models/gazeboModels/workbench/model.sdf
-- Up-to-date symlink: /home/parallels/ros2_tas_project/install/tas2-simulator/share/tas2-simulator/models/materials/blue_tex.png
-- Up-to-date symlink: /home/parallels/ros2_tas_project/install/tas2-simulator/share/tas2-simulator/models/materials/tas_blue.material
-- Up-to-date symlink: /home/parallels/ros2_tas_project/install/tas2-simulator/share/tas2-simulator/models/meshes/hokuyo.dae
-- Up-to-date symlink: /home/parallels/ros2_tas_project/install/tas2-simulator/share/tas2-simulator/models/meshes/model_base_reduced.dae
-- Up-to-date symlink: /home/parallels/ros2_tas_project/install/tas2-simulator/share/tas2-simulator/models/meshes/model_wheel_left.dae
-- Up-to-date symlink: /home/parallels/ros2_tas_project/install/tas2-simulator/share/tas2-simulator/models/meshes/model_wheel_left_collision.dae
-- Up-to-date symlink: /home/parallels/ros2_tas_project/install/tas2-simulator/share/tas2-simulator/models/meshes/model_wheel_right.dae
-- Up-to-date symlink: /home/parallels/ros2_tas_project/install/tas2-simulator/share/tas2-simulator/models/meshes/model_wheel_right_collision.dae
-- Up-to-date symlink: /home/parallels/ros2_tas_project/install/tas2-simulator/share/tas2-simulator/models/urdf/tas_car.config
-- Up-to-date symlink: /home/parallels/ros2_tas_project/install/tas2-simulator/share/tas2-simulator/models/urdf/tas_car.sdf
-- Up-to-date symlink: /home/parallels/ros2_tas_project/install/tas2-simulator/share/tas2-simulator/models/urdf/tas_car.urdf
-- Up-to-date symlink: /home/parallels/ros2_tas_project/install/tas2-simulator/share/tas2-simulator/models/urdf/tas_car_v2.sdf
-- Up-to-date symlink: /home/parallels/ros2_tas_project/install/tas2-simulator/share/tas2-simulator/models/urdf/tas_car_v2.urdf
-- Up-to-date symlink: /home/parallels/ros2_tas_project/install/tas2-simulator/share/tas2-simulator/models/worlds/basement.world
-- Up-to-date symlink: /home/parallels/ros2_tas_project/install/tas2-simulator/share/tas2-simulator/models/worlds/basement_ext.world
-- Symlinking: /home/parallels/ros2_tas_project/install/tas2-simulator/share/tas2-simulator/models/worlds/cafe.world
-- Up-to-date symlink: /home/parallels/ros2_tas_project/install/tas2-simulator/share/tas2-simulator/rviz/navigationTAScar.rviz
-- Up-to-date symlink: /home/parallels/ros2_tas_project/install/tas2-simulator/share/tas2-simulator/rviz/visualizeTAScar.rviz
-- Up-to-date symlink: /home/parallels/ros2_tas_project/install/tas2-simulator/share/ament_index/resource_index/package_run_dependencies/tas2-simulator
-- Up-to-date symlink: /home/parallels/ros2_tas_project/install/tas2-simulator/share/ament_index/resource_index/parent_prefix_path/tas2-simulator
-- Up-to-date symlink: /home/parallels/ros2_tas_project/install/tas2-simulator/share/tas2-simulator/environment/ament_prefix_path.sh
-- Up-to-date symlink: /home/parallels/ros2_tas_project/install/tas2-simulator/share/tas2-simulator/environment/ament_prefix_path.dsv
-- Up-to-date symlink: /home/parallels/ros2_tas_project/install/tas2-simulator/share/tas2-simulator/environment/path.sh
-- Up-to-date symlink: /home/parallels/ros2_tas_project/install/tas2-simulator/share/tas2-simulator/environment/path.dsv
-- Up-to-date symlink: /home/parallels/ros2_tas_project/install/tas2-simulator/share/tas2-simulator/local_setup.bash
-- Up-to-date symlink: /home/parallels/ros2_tas_project/install/tas2-simulator/share/tas2-simulator/local_setup.sh
-- Up-to-date symlink: /home/parallels/ros2_tas_project/install/tas2-simulator/share/tas2-simulator/local_setup.zsh
-- Up-to-date symlink: /home/parallels/ros2_tas_project/install/tas2-simulator/share/tas2-simulator/local_setup.dsv
-- Symlinking: /home/parallels/ros2_tas_project/install/tas2-simulator/share/tas2-simulator/package.dsv
-- Up-to-date symlink: /home/parallels/ros2_tas_project/install/tas2-simulator/share/ament_index/resource_index/packages/tas2-simulator
-- Up-to-date symlink: /home/parallels/ros2_tas_project/install/tas2-simulator/share/tas2-simulator/cmake/tas2-simulatorConfig.cmake
-- Up-to-date symlink: /home/parallels/ros2_tas_project/install/tas2-simulator/share/tas2-simulator/cmake/tas2-simulatorConfig-version.cmake
-- Up-to-date symlink: /home/parallels/ros2_tas_project/install/tas2-simulator/share/tas2-simulator/package.xml
